{
  "0 debug pnpm:scope": {
    "selected": 1
  },
  "1 error pnpm": {
    "errno": 1,
    "code": "ELIFECYCLE",
    "pkgid": "functional-utilities@1.0.0",
    "stage": "build",
    "script": "svelte-kit build",
    "pkgname": "functional-utilities",
    "err": {
      "name": "pnpm",
      "message": "functional-utilities@1.0.0 build: `svelte-kit build`\nExit status 1",
      "code": "ELIFECYCLE",
      "stack": "pnpm: functional-utilities@1.0.0 build: `svelte-kit build`\nExit status 1\n    at EventEmitter.<anonymous> (C:\\Users\\jerem\\AppData\\Roaming\\npm\\node_modules\\pnpm\\dist\\pnpm.cjs:104056:20)\n    at EventEmitter.emit (node:events:520:28)\n    at ChildProcess.<anonymous> (C:\\Users\\jerem\\AppData\\Roaming\\npm\\node_modules\\pnpm\\dist\\pnpm.cjs:91985:18)\n    at ChildProcess.emit (node:events:520:28)\n    at maybeClose (node:internal/child_process:1090:16)\n    at Process.ChildProcess._handle.onexit (node:internal/child_process:302:5)"
    }
  },
  "2 warn pnpm:global": " Local package.json exists, but node_modules missing, did you mean to install?"
}